# JRE version: Java(TM) SE Runtime Environment (8.0_161-b12) (build 1.8.0_161-b12)
# Java VM: Java HotSpot(TM) 64-Bit Server VM (25.161-b12 mixed mode windows-amd64 compressed oops)
Heap:
 PSYoungGen      total 355840K, used 61493K [0x00000000d6200000, 0x00000000ed100000, 0x0000000100000000)
  eden space 342016K, 14% used [0x00000000d6200000,0x00000000d9118080,0x00000000eb000000)
  from space 13824K, 95% used [0x00000000ec380000,0x00000000ed075528,0x00000000ed100000)
  to   space 16896K, 0% used [0x00000000eb000000,0x00000000eb000000,0x00000000ec080000)
 ParOldGen       total 90112K, used 28198K [0x0000000082600000, 0x0000000087e00000, 0x00000000d6200000)
  object space 90112K, 31% used [0x0000000082600000,0x0000000084189be0,0x0000000087e00000)
 Metaspace       used 56366K, capacity 58560K, committed 58792K, reserved 1099776K
  class space    used 7407K, capacity 7778K, committed 7856K, reserved 1048576K
GC Heap History (10 events):
Event: 3.700 GC heap before
{Heap before GC invocations=10 (full 1):
 PSYoungGen      total 211968K, used 211499K [0x00000000d6200000, 0x00000000e6d80000, 0x0000000100000000)
  eden space 205312K, 100% used [0x00000000d6200000,0x00000000e2a80000,0x00000000e2a80000)
  from space 6656K, 92% used [0x00000000e6700000,0x00000000e6d0ac78,0x00000000e6d80000)
  to   space 8704K, 0% used [0x00000000e5c80000,0x00000000e5c80000,0x00000000e6500000)
 ParOldGen       total 54272K, used 6338K [0x0000000082600000, 0x0000000085b00000, 0x00000000d6200000)
  object space 54272K, 11% used [0x0000000082600000,0x0000000082c308d8,0x0000000085b00000)
 Metaspace       used 29838K, capacity 30980K, committed 31280K, reserved 1077248K
  class space    used 3866K, capacity 4106K, committed 4144K, reserved 1048576K
Event: 3.710 GC heap after
Heap after GC invocations=10 (full 1):
 PSYoungGen      total 265216K, used 8693K [0x00000000d6200000, 0x00000000e8380000, 0x0000000100000000)
  eden space 256512K, 0% used [0x00000000d6200000,0x00000000d6200000,0x00000000e5c80000)
  from space 8704K, 99% used [0x00000000e5c80000,0x00000000e64fd4b0,0x00000000e6500000)
  to   space 11264K, 0% used [0x00000000e7880000,0x00000000e7880000,0x00000000e8380000)
 ParOldGen       total 54272K, used 10702K [0x0000000082600000, 0x0000000085b00000, 0x00000000d6200000)
  object space 54272K, 19% used [0x0000000082600000,0x00000000830739f0,0x0000000085b00000)
 Metaspace       used 29838K, capacity 30980K, committed 31280K, reserved 1077248K
  class space    used 3866K, capacity 4106K, committed 4144K, reserved 1048576K
}
Event: 4.318 GC heap before
{Heap before GC invocations=11 (full 1):
 PSYoungGen      total 265216K, used 132640K [0x00000000d6200000, 0x00000000e8380000, 0x0000000100000000)
  eden space 256512K, 48% used [0x00000000d6200000,0x00000000ddb0aee8,0x00000000e5c80000)
  from space 8704K, 99% used [0x00000000e5c80000,0x00000000e64fd4b0,0x00000000e6500000)
  to   space 11264K, 0% used [0x00000000e7880000,0x00000000e7880000,0x00000000e8380000)
 ParOldGen       total 54272K, used 10702K [0x0000000082600000, 0x0000000085b00000, 0x00000000d6200000)
  object space 54272K, 19% used [0x0000000082600000,0x00000000830739f0,0x0000000085b00000)
 Metaspace       used 34096K, capacity 35416K, committed 35496K, reserved 1079296K
  class space    used 4458K, capacity 4718K, committed 4784K, reserved 1048576K
Event: 4.327 GC heap after
Heap after GC invocations=11 (full 1):
 PSYoungGen      total 283648K, used 11009K [0x00000000d6200000, 0x00000000ec600000, 0x0000000100000000)
  eden space 272384K, 0% used [0x00000000d6200000,0x00000000d6200000,0x00000000e6c00000)
  from space 11264K, 97% used [0x00000000e7880000,0x00000000e8340550,0x00000000e8380000)
  to   space 12800K, 0% used [0x00000000e6c00000,0x00000000e6c00000,0x00000000e7880000)
 ParOldGen       total 54272K, used 13226K [0x0000000082600000, 0x0000000085b00000, 0x00000000d6200000)
  object space 54272K, 24% used [0x0000000082600000,0x00000000832eaa40,0x0000000085b00000)
 Metaspace       used 34096K, capacity 35416K, committed 35496K, reserved 1079296K
  class space    used 4458K, capacity 4718K, committed 4784K, reserved 1048576K
}
Event: 4.327 GC heap before
{Heap before GC invocations=12 (full 2):
 PSYoungGen      total 283648K, used 11009K [0x00000000d6200000, 0x00000000ec600000, 0x0000000100000000)
  eden space 272384K, 0% used [0x00000000d6200000,0x00000000d6200000,0x00000000e6c00000)
  from space 11264K, 97% used [0x00000000e7880000,0x00000000e8340550,0x00000000e8380000)
  to   space 12800K, 0% used [0x00000000e6c00000,0x00000000e6c00000,0x00000000e7880000)
 ParOldGen       total 54272K, used 13226K [0x0000000082600000, 0x0000000085b00000, 0x00000000d6200000)
  object space 54272K, 24% used [0x0000000082600000,0x00000000832eaa40,0x0000000085b00000)
 Metaspace       used 34096K, capacity 35416K, committed 35496K, reserved 1079296K
  class space    used 4458K, capacity 4718K, committed 4784K, reserved 1048576K
Event: 4.376 GC heap after
Heap after GC invocations=12 (full 2):
 PSYoungGen      total 283648K, used 0K [0x00000000d6200000, 0x00000000ec600000, 0x0000000100000000)
  eden space 272384K, 0% used [0x00000000d6200000,0x00000000d6200000,0x00000000e6c00000)
  from space 11264K, 0% used [0x00000000e7880000,0x00000000e7880000,0x00000000e8380000)
  to   space 12800K, 0% used [0x00000000e6c00000,0x00000000e6c00000,0x00000000e7880000)
 ParOldGen       total 90112K, used 18292K [0x0000000082600000, 0x0000000087e00000, 0x00000000d6200000)
  object space 90112K, 20% used [0x0000000082600000,0x00000000837dd210,0x0000000087e00000)
 Metaspace       used 34096K, capacity 35416K, committed 35496K, reserved 1079296K
  class space    used 4458K, capacity 4718K, committed 4784K, reserved 1048576K
}
Event: 6.347 GC heap before
{Heap before GC invocations=13 (full 2):
 PSYoungGen      total 283648K, used 272384K [0x00000000d6200000, 0x00000000ec600000, 0x0000000100000000)
  eden space 272384K, 100% used [0x00000000d6200000,0x00000000e6c00000,0x00000000e6c00000)
  from space 11264K, 0% used [0x00000000e7880000,0x00000000e7880000,0x00000000e8380000)
  to   space 12800K, 0% used [0x00000000e6c00000,0x00000000e6c00000,0x00000000e7880000)
 ParOldGen       total 90112K, used 18292K [0x0000000082600000, 0x0000000087e00000, 0x00000000d6200000)
  object space 90112K, 20% used [0x0000000082600000,0x00000000837dd210,0x0000000087e00000)
 Metaspace       used 45951K, capacity 47350K, committed 47528K, reserved 1091584K
  class space    used 5990K, capacity 6275K, committed 6320K, reserved 1048576K
Event: 6.357 GC heap after
Heap after GC invocations=13 (full 2):
 PSYoungGen      total 285184K, used 12788K [0x00000000d6200000, 0x00000000ed280000, 0x0000000100000000)
  eden space 272384K, 0% used [0x00000000d6200000,0x00000000d6200000,0x00000000e6c00000)
  from space 12800K, 99% used [0x00000000e6c00000,0x00000000e787d0a8,0x00000000e7880000)
  to   space 15360K, 0% used [0x00000000ec380000,0x00000000ec380000,0x00000000ed280000)
 ParOldGen       total 90112K, used 21336K [0x0000000082600000, 0x0000000087e00000, 0x00000000d6200000)
  object space 90112K, 23% used [0x0000000082600000,0x0000000083ad6118,0x0000000087e00000)
 Metaspace       used 45951K, capacity 47350K, committed 47528K, reserved 1091584K
  class space    used 5990K, capacity 6275K, committed 6320K, reserved 1048576K
}
Event: 7.861 GC heap before
{Heap before GC invocations=14 (full 2):
 PSYoungGen      total 285184K, used 285172K [0x00000000d6200000, 0x00000000ed280000, 0x0000000100000000)
  eden space 272384K, 100% used [0x00000000d6200000,0x00000000e6c00000,0x00000000e6c00000)
  from space 12800K, 99% used [0x00000000e6c00000,0x00000000e787d0a8,0x00000000e7880000)
  to   space 15360K, 0% used [0x00000000ec380000,0x00000000ec380000,0x00000000ed280000)
 ParOldGen       total 90112K, used 21336K [0x0000000082600000, 0x0000000087e00000, 0x00000000d6200000)
  object space 90112K, 23% used [0x0000000082600000,0x0000000083ad6118,0x0000000087e00000)
 Metaspace       used 55262K, capacity 57318K, committed 57512K, reserved 1099776K
  class space    used 7239K, capacity 7597K, committed 7600K, reserved 1048576K
Event: 7.875 GC heap after
Heap after GC invocations=14 (full 2):
 PSYoungGen      total 355840K, used 13269K [0x00000000d6200000, 0x00000000ed100000, 0x0000000100000000)
  eden space 342016K, 0% used [0x00000000d6200000,0x00000000d6200000,0x00000000eb000000)
  from space 13824K, 95% used [0x00000000ec380000,0x00000000ed075528,0x00000000ed100000)
  to   space 16896K, 0% used [0x00000000eb000000,0x00000000eb000000,0x00000000ec080000)
 ParOldGen       total 90112K, used 28198K [0x0000000082600000, 0x0000000087e00000, 0x00000000d6200000)
  object space 90112K, 31% used [0x0000000082600000,0x0000000084189be0,0x0000000087e00000)
 Metaspace       used 55262K, capacity 57318K, committed 57512K, reserved 1099776K
  class space    used 7239K, capacity 7597K, committed 7600K, reserved 1048576K
}

