# JRE version: Java(TM) SE Runtime Environment (8.0_161-b12) (build 1.8.0_161-b12)
# Java VM: Java HotSpot(TM) 64-Bit Server VM (25.161-b12 mixed mode windows-amd64 compressed oops)
Heap:
 PSYoungGen      total 317952K, used 87983K [0x00000000d6200000, 0x00000000ed780000, 0x0000000100000000)
  eden space 305152K, 24% used [0x00000000d6200000,0x00000000dab70b00,0x00000000e8c00000)
  from space 12800K, 99% used [0x00000000e8c00000,0x00000000e987b1c0,0x00000000e9880000)
  to   space 11776K, 0% used [0x00000000e9880000,0x00000000e9880000,0x00000000ea400000)
 ParOldGen       total 50688K, used 23298K [0x0000000082600000, 0x0000000085780000, 0x00000000d6200000)
  object space 50688K, 45% used [0x0000000082600000,0x0000000083cc0848,0x0000000085780000)
 Metaspace       used 50368K, capacity 51854K, committed 52136K, reserved 1095680K
  class space    used 6556K, capacity 6821K, committed 6832K, reserved 1048576K
GC Heap History (10 events):
Event: 2.782 GC heap before
{Heap before GC invocations=9 (full 1):
 PSYoungGen      total 137728K, used 129536K [0x00000000d6200000, 0x00000000e6f00000, 0x0000000100000000)
  eden space 129536K, 100% used [0x00000000d6200000,0x00000000de080000,0x00000000de080000)
  from space 8192K, 0% used [0x00000000de080000,0x00000000de080000,0x00000000de880000)
  to   space 8192K, 0% used [0x00000000e6700000,0x00000000e6700000,0x00000000e6f00000)
 ParOldGen       total 50688K, used 6273K [0x0000000082600000, 0x0000000085780000, 0x00000000d6200000)
  object space 50688K, 12% used [0x0000000082600000,0x0000000082c20488,0x0000000085780000)
 Metaspace       used 26705K, capacity 27616K, committed 27824K, reserved 1073152K
  class space    used 3483K, capacity 3696K, committed 3760K, reserved 1048576K
Event: 2.786 GC heap after
Heap after GC invocations=9 (full 1):
 PSYoungGen      total 225792K, used 6207K [0x00000000d6200000, 0x00000000e6d80000, 0x0000000100000000)
  eden space 219136K, 0% used [0x00000000d6200000,0x00000000d6200000,0x00000000e3800000)
  from space 6656K, 93% used [0x00000000e6700000,0x00000000e6d0ff48,0x00000000e6d80000)
  to   space 8704K, 0% used [0x00000000e5c80000,0x00000000e5c80000,0x00000000e6500000)
 ParOldGen       total 50688K, used 6345K [0x0000000082600000, 0x0000000085780000, 0x00000000d6200000)
  object space 50688K, 12% used [0x0000000082600000,0x0000000082c32498,0x0000000085780000)
 Metaspace       used 26705K, capacity 27616K, committed 27824K, reserved 1073152K
  class space    used 3483K, capacity 3696K, committed 3760K, reserved 1048576K
}
Event: 3.530 GC heap before
{Heap before GC invocations=10 (full 1):
 PSYoungGen      total 225792K, used 225343K [0x00000000d6200000, 0x00000000e6d80000, 0x0000000100000000)
  eden space 219136K, 100% used [0x00000000d6200000,0x00000000e3800000,0x00000000e3800000)
  from space 6656K, 93% used [0x00000000e6700000,0x00000000e6d0ff48,0x00000000e6d80000)
  to   space 8704K, 0% used [0x00000000e5c80000,0x00000000e5c80000,0x00000000e6500000)
 ParOldGen       total 50688K, used 6345K [0x0000000082600000, 0x0000000085780000, 0x00000000d6200000)
  object space 50688K, 12% used [0x0000000082600000,0x0000000082c32498,0x0000000085780000)
 Metaspace       used 30037K, capacity 31156K, committed 31280K, reserved 1077248K
  class space    used 3901K, capacity 4142K, committed 4144K, reserved 1048576K
Event: 3.538 GC heap after
Heap after GC invocations=10 (full 1):
 PSYoungGen      total 265216K, used 8677K [0x00000000d6200000, 0x00000000ea400000, 0x0000000100000000)
  eden space 256512K, 0% used [0x00000000d6200000,0x00000000d6200000,0x00000000e5c80000)
  from space 8704K, 99% used [0x00000000e5c80000,0x00000000e64f9718,0x00000000e6500000)
  to   space 11776K, 0% used [0x00000000e9880000,0x00000000e9880000,0x00000000ea400000)
 ParOldGen       total 50688K, used 11472K [0x0000000082600000, 0x0000000085780000, 0x00000000d6200000)
  object space 50688K, 22% used [0x0000000082600000,0x0000000083134250,0x0000000085780000)
 Metaspace       used 30037K, capacity 31156K, committed 31280K, reserved 1077248K
  class space    used 3901K, capacity 4142K, committed 4144K, reserved 1048576K
}
Event: 4.126 GC heap before
{Heap before GC invocations=11 (full 1):
 PSYoungGen      total 265216K, used 120128K [0x00000000d6200000, 0x00000000ea400000, 0x0000000100000000)
  eden space 256512K, 43% used [0x00000000d6200000,0x00000000dced6928,0x00000000e5c80000)
  from space 8704K, 99% used [0x00000000e5c80000,0x00000000e64f9718,0x00000000e6500000)
  to   space 11776K, 0% used [0x00000000e9880000,0x00000000e9880000,0x00000000ea400000)
 ParOldGen       total 50688K, used 11472K [0x0000000082600000, 0x0000000085780000, 0x00000000d6200000)
  object space 50688K, 22% used [0x0000000082600000,0x0000000083134250,0x0000000085780000)
 Metaspace       used 34094K, capacity 35416K, committed 35496K, reserved 1079296K
  class space    used 4460K, capacity 4718K, committed 4784K, reserved 1048576K
Event: 4.138 GC heap after
Heap after GC invocations=11 (full 1):
 PSYoungGen      total 316928K, used 10670K [0x00000000d6200000, 0x00000000ed780000, 0x0000000100000000)
  eden space 305152K, 0% used [0x00000000d6200000,0x00000000d6200000,0x00000000e8c00000)
  from space 11776K, 90% used [0x00000000e9880000,0x00000000ea2eba10,0x00000000ea400000)
  to   space 12800K, 0% used [0x00000000e8c00000,0x00000000e8c00000,0x00000000e9880000)
 ParOldGen       total 50688K, used 13996K [0x0000000082600000, 0x0000000085780000, 0x00000000d6200000)
  object space 50688K, 27% used [0x0000000082600000,0x00000000833ab2a0,0x0000000085780000)
 Metaspace       used 34094K, capacity 35416K, committed 35496K, reserved 1079296K
  class space    used 4460K, capacity 4718K, committed 4784K, reserved 1048576K
}
Event: 4.138 GC heap before
{Heap before GC invocations=12 (full 2):
 PSYoungGen      total 316928K, used 10670K [0x00000000d6200000, 0x00000000ed780000, 0x0000000100000000)
  eden space 305152K, 0% used [0x00000000d6200000,0x00000000d6200000,0x00000000e8c00000)
  from space 11776K, 90% used [0x00000000e9880000,0x00000000ea2eba10,0x00000000ea400000)
  to   space 12800K, 0% used [0x00000000e8c00000,0x00000000e8c00000,0x00000000e9880000)
 ParOldGen       total 50688K, used 13996K [0x0000000082600000, 0x0000000085780000, 0x00000000d6200000)
  object space 50688K, 27% used [0x0000000082600000,0x00000000833ab2a0,0x0000000085780000)
 Metaspace       used 34094K, capacity 35416K, committed 35496K, reserved 1079296K
  class space    used 4460K, capacity 4718K, committed 4784K, reserved 1048576K
Event: 4.191 GC heap after
Heap after GC invocations=12 (full 2):
 PSYoungGen      total 316928K, used 0K [0x00000000d6200000, 0x00000000ed780000, 0x0000000100000000)
  eden space 305152K, 0% used [0x00000000d6200000,0x00000000d6200000,0x00000000e8c00000)
  from space 11776K, 0% used [0x00000000e9880000,0x00000000e9880000,0x00000000ea400000)
  to   space 12800K, 0% used [0x00000000e8c00000,0x00000000e8c00000,0x00000000e9880000)
 ParOldGen       total 50688K, used 18024K [0x0000000082600000, 0x0000000085780000, 0x00000000d6200000)
  object space 50688K, 35% used [0x0000000082600000,0x000000008379a128,0x0000000085780000)
 Metaspace       used 34094K, capacity 35416K, committed 35496K, reserved 1079296K
  class space    used 4460K, capacity 4718K, committed 4784K, reserved 1048576K
}
Event: 6.303 GC heap before
{Heap before GC invocations=13 (full 2):
 PSYoungGen      total 316928K, used 305152K [0x00000000d6200000, 0x00000000ed780000, 0x0000000100000000)
  eden space 305152K, 100% used [0x00000000d6200000,0x00000000e8c00000,0x00000000e8c00000)
  from space 11776K, 0% used [0x00000000e9880000,0x00000000e9880000,0x00000000ea400000)
  to   space 12800K, 0% used [0x00000000e8c00000,0x00000000e8c00000,0x00000000e9880000)
 ParOldGen       total 50688K, used 18024K [0x0000000082600000, 0x0000000085780000, 0x00000000d6200000)
  object space 50688K, 35% used [0x0000000082600000,0x000000008379a128,0x0000000085780000)
 Metaspace       used 47796K, capacity 49290K, committed 49576K, reserved 1091584K
  class space    used 6212K, capacity 6487K, committed 6576K, reserved 1048576K
Event: 6.318 GC heap after
Heap after GC invocations=13 (full 2):
 PSYoungGen      total 317952K, used 12780K [0x00000000d6200000, 0x00000000ed780000, 0x0000000100000000)
  eden space 305152K, 0% used [0x00000000d6200000,0x00000000d6200000,0x00000000e8c00000)
  from space 12800K, 99% used [0x00000000e8c00000,0x00000000e987b1c0,0x00000000e9880000)
  to   space 11776K, 0% used [0x00000000e9880000,0x00000000e9880000,0x00000000ea400000)
 ParOldGen       total 50688K, used 23298K [0x0000000082600000, 0x0000000085780000, 0x00000000d6200000)
  object space 50688K, 45% used [0x0000000082600000,0x0000000083cc0848,0x0000000085780000)
 Metaspace       used 47796K, capacity 49290K, committed 49576K, reserved 1091584K
  class space    used 6212K, capacity 6487K, committed 6576K, reserved 1048576K
}

