# JRE version: Java(TM) SE Runtime Environment (8.0_161-b12) (build 1.8.0_161-b12)
# Java VM: Java HotSpot(TM) 64-Bit Server VM (25.161-b12 mixed mode windows-amd64 compressed oops)
Heap:
 PSYoungGen      total 267264K, used 26113K [0x00000000d6200000, 0x00000000e9680000, 0x0000000100000000)
  eden space 256000K, 10% used [0x00000000d6200000,0x00000000d7b804c8,0x00000000e5c00000)
  from space 11264K, 0% used [0x00000000e8b80000,0x00000000e8b80000,0x00000000e9680000)
  to   space 8192K, 0% used [0x00000000e5c00000,0x00000000e5c00000,0x00000000e6400000)
 ParOldGen       total 51712K, used 18147K [0x0000000082600000, 0x0000000085880000, 0x00000000d6200000)
  object space 51712K, 35% used [0x0000000082600000,0x00000000837b8c40,0x0000000085880000)
 Metaspace       used 35021K, capacity 36328K, committed 36648K, reserved 1081344K
  class space    used 4550K, capacity 4822K, committed 4912K, reserved 1048576K
GC Heap History (10 events):
Event: 1.857 GC heap before
{Heap before GC invocations=8 (full 1):
 PSYoungGen      total 137216K, used 3896K [0x00000000d6200000, 0x00000000e6e00000, 0x0000000100000000)
  eden space 129024K, 0% used [0x00000000d6200000,0x00000000d6200000,0x00000000de000000)
  from space 8192K, 47% used [0x00000000de000000,0x00000000de3ce140,0x00000000de800000)
  to   space 8192K, 0% used [0x00000000e6600000,0x00000000e6600000,0x00000000e6e00000)
 ParOldGen       total 86016K, used 6017K [0x0000000082600000, 0x0000000087a00000, 0x00000000d6200000)
  object space 86016K, 6% used [0x0000000082600000,0x0000000082be07e0,0x0000000087a00000)
 Metaspace       used 20631K, capacity 21220K, committed 21296K, reserved 1067008K
  class space    used 2667K, capacity 2838K, committed 2864K, reserved 1048576K
Event: 1.884 GC heap after
Heap after GC invocations=8 (full 1):
 PSYoungGen      total 137216K, used 0K [0x00000000d6200000, 0x00000000e6e00000, 0x0000000100000000)
  eden space 129024K, 0% used [0x00000000d6200000,0x00000000d6200000,0x00000000de000000)
  from space 8192K, 0% used [0x00000000de000000,0x00000000de000000,0x00000000de800000)
  to   space 8192K, 0% used [0x00000000e6600000,0x00000000e6600000,0x00000000e6e00000)
 ParOldGen       total 51712K, used 6375K [0x0000000082600000, 0x0000000085880000, 0x00000000d6200000)
  object space 51712K, 12% used [0x0000000082600000,0x0000000082c39f18,0x0000000085880000)
 Metaspace       used 20631K, capacity 21220K, committed 21296K, reserved 1067008K
  class space    used 2667K, capacity 2838K, committed 2864K, reserved 1048576K
}
Event: 2.726 GC heap before
{Heap before GC invocations=9 (full 1):
 PSYoungGen      total 137216K, used 129024K [0x00000000d6200000, 0x00000000e6e00000, 0x0000000100000000)
  eden space 129024K, 100% used [0x00000000d6200000,0x00000000de000000,0x00000000de000000)
  from space 8192K, 0% used [0x00000000de000000,0x00000000de000000,0x00000000de800000)
  to   space 8192K, 0% used [0x00000000e6600000,0x00000000e6600000,0x00000000e6e00000)
 ParOldGen       total 51712K, used 6375K [0x0000000082600000, 0x0000000085880000, 0x00000000d6200000)
  object space 51712K, 12% used [0x0000000082600000,0x0000000082c39f18,0x0000000085880000)
 Metaspace       used 26729K, capacity 27680K, committed 27824K, reserved 1073152K
  class space    used 3489K, capacity 3696K, committed 3760K, reserved 1048576K
Event: 2.730 GC heap after
Heap after GC invocations=9 (full 1):
 PSYoungGen      total 220160K, used 6049K [0x00000000d6200000, 0x00000000e6c00000, 0x0000000100000000)
  eden space 214016K, 0% used [0x00000000d6200000,0x00000000d6200000,0x00000000e3300000)
  from space 6144K, 98% used [0x00000000e6600000,0x00000000e6be85d0,0x00000000e6c00000)
  to   space 8192K, 0% used [0x00000000e5c00000,0x00000000e5c00000,0x00000000e6400000)
 ParOldGen       total 51712K, used 6447K [0x0000000082600000, 0x0000000085880000, 0x00000000d6200000)
  object space 51712K, 12% used [0x0000000082600000,0x0000000082c4bf28,0x0000000085880000)
 Metaspace       used 26729K, capacity 27680K, committed 27824K, reserved 1073152K
  class space    used 3489K, capacity 3696K, committed 3760K, reserved 1048576K
}
Event: 3.441 GC heap before
{Heap before GC invocations=10 (full 1):
 PSYoungGen      total 220160K, used 220065K [0x00000000d6200000, 0x00000000e6c00000, 0x0000000100000000)
  eden space 214016K, 100% used [0x00000000d6200000,0x00000000e3300000,0x00000000e3300000)
  from space 6144K, 98% used [0x00000000e6600000,0x00000000e6be85d0,0x00000000e6c00000)
  to   space 8192K, 0% used [0x00000000e5c00000,0x00000000e5c00000,0x00000000e6400000)
 ParOldGen       total 51712K, used 6447K [0x0000000082600000, 0x0000000085880000, 0x00000000d6200000)
  object space 51712K, 12% used [0x0000000082600000,0x0000000082c4bf28,0x0000000085880000)
 Metaspace       used 29957K, capacity 31050K, committed 31280K, reserved 1077248K
  class space    used 3884K, capacity 4107K, committed 4144K, reserved 1048576K
Event: 3.449 GC heap after
Heap after GC invocations=10 (full 1):
 PSYoungGen      total 264192K, used 8169K [0x00000000d6200000, 0x00000000e9680000, 0x0000000100000000)
  eden space 256000K, 0% used [0x00000000d6200000,0x00000000d6200000,0x00000000e5c00000)
  from space 8192K, 99% used [0x00000000e5c00000,0x00000000e63fa718,0x00000000e6400000)
  to   space 11264K, 0% used [0x00000000e8b80000,0x00000000e8b80000,0x00000000e9680000)
 ParOldGen       total 51712K, used 11838K [0x0000000082600000, 0x0000000085880000, 0x00000000d6200000)
  object space 51712K, 22% used [0x0000000082600000,0x000000008318f878,0x0000000085880000)
 Metaspace       used 29957K, capacity 31050K, committed 31280K, reserved 1077248K
  class space    used 3884K, capacity 4107K, committed 4144K, reserved 1048576K
}
Event: 4.084 GC heap before
{Heap before GC invocations=11 (full 1):
 PSYoungGen      total 264192K, used 123387K [0x00000000d6200000, 0x00000000e9680000, 0x0000000100000000)
  eden space 256000K, 45% used [0x00000000d6200000,0x00000000dd284878,0x00000000e5c00000)
  from space 8192K, 99% used [0x00000000e5c00000,0x00000000e63fa718,0x00000000e6400000)
  to   space 11264K, 0% used [0x00000000e8b80000,0x00000000e8b80000,0x00000000e9680000)
 ParOldGen       total 51712K, used 11838K [0x0000000082600000, 0x0000000085880000, 0x00000000d6200000)
  object space 51712K, 22% used [0x0000000082600000,0x000000008318f878,0x0000000085880000)
 Metaspace       used 34091K, capacity 35416K, committed 35496K, reserved 1079296K
  class space    used 4459K, capacity 4718K, committed 4784K, reserved 1048576K
Event: 4.094 GC heap after
Heap after GC invocations=11 (full 1):
 PSYoungGen      total 267264K, used 10813K [0x00000000d6200000, 0x00000000e9680000, 0x0000000100000000)
  eden space 256000K, 0% used [0x00000000d6200000,0x00000000d6200000,0x00000000e5c00000)
  from space 11264K, 95% used [0x00000000e8b80000,0x00000000e960f528,0x00000000e9680000)
  to   space 8192K, 0% used [0x00000000e5c00000,0x00000000e5c00000,0x00000000e6400000)
 ParOldGen       total 51712K, used 14354K [0x0000000082600000, 0x0000000085880000, 0x00000000d6200000)
  object space 51712K, 27% used [0x0000000082600000,0x00000000834048c8,0x0000000085880000)
 Metaspace       used 34091K, capacity 35416K, committed 35496K, reserved 1079296K
  class space    used 4459K, capacity 4718K, committed 4784K, reserved 1048576K
}
Event: 4.094 GC heap before
{Heap before GC invocations=12 (full 2):
 PSYoungGen      total 267264K, used 10813K [0x00000000d6200000, 0x00000000e9680000, 0x0000000100000000)
  eden space 256000K, 0% used [0x00000000d6200000,0x00000000d6200000,0x00000000e5c00000)
  from space 11264K, 95% used [0x00000000e8b80000,0x00000000e960f528,0x00000000e9680000)
  to   space 8192K, 0% used [0x00000000e5c00000,0x00000000e5c00000,0x00000000e6400000)
 ParOldGen       total 51712K, used 14354K [0x0000000082600000, 0x0000000085880000, 0x00000000d6200000)
  object space 51712K, 27% used [0x0000000082600000,0x00000000834048c8,0x0000000085880000)
 Metaspace       used 34091K, capacity 35416K, committed 35496K, reserved 1079296K
  class space    used 4459K, capacity 4718K, committed 4784K, reserved 1048576K
Event: 4.139 GC heap after
Heap after GC invocations=12 (full 2):
 PSYoungGen      total 267264K, used 0K [0x00000000d6200000, 0x00000000e9680000, 0x0000000100000000)
  eden space 256000K, 0% used [0x00000000d6200000,0x00000000d6200000,0x00000000e5c00000)
  from space 11264K, 0% used [0x00000000e8b80000,0x00000000e8b80000,0x00000000e9680000)
  to   space 8192K, 0% used [0x00000000e5c00000,0x00000000e5c00000,0x00000000e6400000)
 ParOldGen       total 51712K, used 18147K [0x0000000082600000, 0x0000000085880000, 0x00000000d6200000)
  object space 51712K, 35% used [0x0000000082600000,0x00000000837b8c40,0x0000000085880000)
 Metaspace       used 34091K, capacity 35416K, committed 35496K, reserved 1079296K
  class space    used 4459K, capacity 4718K, committed 4784K, reserved 1048576K
}

