# JRE version: Java(TM) SE Runtime Environment (8.0_161-b12) (build 1.8.0_161-b12)
# Java VM: Java HotSpot(TM) 64-Bit Server VM (25.161-b12 mixed mode windows-amd64 compressed oops)
Heap:
 PSYoungGen      total 225792K, used 56910K [0x00000000d6200000, 0x00000000e6c00000, 0x0000000100000000)
  eden space 219648K, 25% used [0x00000000d6200000,0x00000000d9993ac0,0x00000000e3880000)
  from space 6144K, 0% used [0x00000000e6600000,0x00000000e6600000,0x00000000e6c00000)
  to   space 8192K, 0% used [0x00000000e5c00000,0x00000000e5c00000,0x00000000e6400000)
 ParOldGen       total 50688K, used 17746K [0x0000000082600000, 0x0000000085780000, 0x00000000d6200000)
  object space 50688K, 35% used [0x0000000082600000,0x0000000083754a58,0x0000000085780000)
 Metaspace       used 35317K, capacity 36696K, committed 36824K, reserved 1081344K
  class space    used 4590K, capacity 4858K, committed 4864K, reserved 1048576K
GC Heap History (10 events):
Event: 1.938 GC heap before
{Heap before GC invocations=8 (full 1):
 PSYoungGen      total 137216K, used 3840K [0x00000000d6200000, 0x00000000e6e00000, 0x0000000100000000)
  eden space 129024K, 0% used [0x00000000d6200000,0x00000000d6200000,0x00000000de000000)
  from space 8192K, 46% used [0x00000000de000000,0x00000000de3c0048,0x00000000de800000)
  to   space 8192K, 0% used [0x00000000e6600000,0x00000000e6600000,0x00000000e6e00000)
 ParOldGen       total 86016K, used 6174K [0x0000000082600000, 0x0000000087a00000, 0x00000000d6200000)
  object space 86016K, 7% used [0x0000000082600000,0x0000000082c079e0,0x0000000087a00000)
 Metaspace       used 20542K, capacity 21182K, committed 21248K, reserved 1067008K
  class space    used 2632K, capacity 2805K, committed 2816K, reserved 1048576K
Event: 1.964 GC heap after
Heap after GC invocations=8 (full 1):
 PSYoungGen      total 137216K, used 0K [0x00000000d6200000, 0x00000000e6e00000, 0x0000000100000000)
  eden space 129024K, 0% used [0x00000000d6200000,0x00000000d6200000,0x00000000de000000)
  from space 8192K, 0% used [0x00000000de000000,0x00000000de000000,0x00000000de800000)
  to   space 8192K, 0% used [0x00000000e6600000,0x00000000e6600000,0x00000000e6e00000)
 ParOldGen       total 50688K, used 6324K [0x0000000082600000, 0x0000000085780000, 0x00000000d6200000)
  object space 50688K, 12% used [0x0000000082600000,0x0000000082c2d3c8,0x0000000085780000)
 Metaspace       used 20542K, capacity 21182K, committed 21248K, reserved 1067008K
  class space    used 2632K, capacity 2805K, committed 2816K, reserved 1048576K
}
Event: 2.873 GC heap before
{Heap before GC invocations=9 (full 1):
 PSYoungGen      total 137216K, used 129024K [0x00000000d6200000, 0x00000000e6e00000, 0x0000000100000000)
  eden space 129024K, 100% used [0x00000000d6200000,0x00000000de000000,0x00000000de000000)
  from space 8192K, 0% used [0x00000000de000000,0x00000000de000000,0x00000000de800000)
  to   space 8192K, 0% used [0x00000000e6600000,0x00000000e6600000,0x00000000e6e00000)
 ParOldGen       total 50688K, used 6324K [0x0000000082600000, 0x0000000085780000, 0x00000000d6200000)
  object space 50688K, 12% used [0x0000000082600000,0x0000000082c2d3c8,0x0000000085780000)
 Metaspace       used 26614K, capacity 27516K, committed 27776K, reserved 1073152K
  class space    used 3466K, capacity 3664K, committed 3712K, reserved 1048576K
Event: 2.878 GC heap after
Heap after GC invocations=9 (full 1):
 PSYoungGen      total 225792K, used 6125K [0x00000000d6200000, 0x00000000e6c00000, 0x0000000100000000)
  eden space 219648K, 0% used [0x00000000d6200000,0x00000000d6200000,0x00000000e3880000)
  from space 6144K, 99% used [0x00000000e6600000,0x00000000e6bfb538,0x00000000e6c00000)
  to   space 8192K, 0% used [0x00000000e5c00000,0x00000000e5c00000,0x00000000e6400000)
 ParOldGen       total 50688K, used 6396K [0x0000000082600000, 0x0000000085780000, 0x00000000d6200000)
  object space 50688K, 12% used [0x0000000082600000,0x0000000082c3f3d8,0x0000000085780000)
 Metaspace       used 26614K, capacity 27516K, committed 27776K, reserved 1073152K
  class space    used 3466K, capacity 3664K, committed 3712K, reserved 1048576K
}
Event: 3.674 GC heap before
{Heap before GC invocations=10 (full 1):
 PSYoungGen      total 225792K, used 225773K [0x00000000d6200000, 0x00000000e6c00000, 0x0000000100000000)
  eden space 219648K, 100% used [0x00000000d6200000,0x00000000e3880000,0x00000000e3880000)
  from space 6144K, 99% used [0x00000000e6600000,0x00000000e6bfb538,0x00000000e6c00000)
  to   space 8192K, 0% used [0x00000000e5c00000,0x00000000e5c00000,0x00000000e6400000)
 ParOldGen       total 50688K, used 6396K [0x0000000082600000, 0x0000000085780000, 0x00000000d6200000)
  object space 50688K, 12% used [0x0000000082600000,0x0000000082c3f3d8,0x0000000085780000)
 Metaspace       used 30006K, capacity 31140K, committed 31360K, reserved 1077248K
  class space    used 3892K, capacity 4140K, committed 4224K, reserved 1048576K
Event: 3.683 GC heap after
Heap after GC invocations=10 (full 1):
 PSYoungGen      total 227840K, used 8185K [0x00000000d6200000, 0x00000000e6c00000, 0x0000000100000000)
  eden space 219648K, 0% used [0x00000000d6200000,0x00000000d6200000,0x00000000e3880000)
  from space 8192K, 99% used [0x00000000e5c00000,0x00000000e63fe728,0x00000000e6400000)
  to   space 6144K, 0% used [0x00000000e6600000,0x00000000e6600000,0x00000000e6c00000)
 ParOldGen       total 50688K, used 11977K [0x0000000082600000, 0x0000000085780000, 0x00000000d6200000)
  object space 50688K, 23% used [0x0000000082600000,0x00000000831b2538,0x0000000085780000)
 Metaspace       used 30006K, capacity 31140K, committed 31360K, reserved 1077248K
  class space    used 3892K, capacity 4140K, committed 4224K, reserved 1048576K
}
Event: 4.254 GC heap before
{Heap before GC invocations=11 (full 1):
 PSYoungGen      total 227840K, used 122345K [0x00000000d6200000, 0x00000000e6c00000, 0x0000000100000000)
  eden space 219648K, 51% used [0x00000000d6200000,0x00000000dd17bec8,0x00000000e3880000)
  from space 8192K, 99% used [0x00000000e5c00000,0x00000000e63fe728,0x00000000e6400000)
  to   space 6144K, 0% used [0x00000000e6600000,0x00000000e6600000,0x00000000e6c00000)
 ParOldGen       total 50688K, used 11977K [0x0000000082600000, 0x0000000085780000, 0x00000000d6200000)
  object space 50688K, 23% used [0x0000000082600000,0x00000000831b2538,0x0000000085780000)
 Metaspace       used 34032K, capacity 35340K, committed 35416K, reserved 1079296K
  class space    used 4454K, capacity 4718K, committed 4736K, reserved 1048576K
Event: 4.262 GC heap after
Heap after GC invocations=11 (full 1):
 PSYoungGen      total 225792K, used 6133K [0x00000000d6200000, 0x00000000e6c00000, 0x0000000100000000)
  eden space 219648K, 0% used [0x00000000d6200000,0x00000000d6200000,0x00000000e3880000)
  from space 6144K, 99% used [0x00000000e6600000,0x00000000e6bfd6e8,0x00000000e6c00000)
  to   space 8192K, 0% used [0x00000000e5c00000,0x00000000e5c00000,0x00000000e6400000)
 ParOldGen       total 50688K, used 18940K [0x0000000082600000, 0x0000000085780000, 0x00000000d6200000)
  object space 50688K, 37% used [0x0000000082600000,0x000000008387f150,0x0000000085780000)
 Metaspace       used 34032K, capacity 35340K, committed 35416K, reserved 1079296K
  class space    used 4454K, capacity 4718K, committed 4736K, reserved 1048576K
}
Event: 4.262 GC heap before
{Heap before GC invocations=12 (full 2):
 PSYoungGen      total 225792K, used 6133K [0x00000000d6200000, 0x00000000e6c00000, 0x0000000100000000)
  eden space 219648K, 0% used [0x00000000d6200000,0x00000000d6200000,0x00000000e3880000)
  from space 6144K, 99% used [0x00000000e6600000,0x00000000e6bfd6e8,0x00000000e6c00000)
  to   space 8192K, 0% used [0x00000000e5c00000,0x00000000e5c00000,0x00000000e6400000)
 ParOldGen       total 50688K, used 18940K [0x0000000082600000, 0x0000000085780000, 0x00000000d6200000)
  object space 50688K, 37% used [0x0000000082600000,0x000000008387f150,0x0000000085780000)
 Metaspace       used 34032K, capacity 35340K, committed 35416K, reserved 1079296K
  class space    used 4454K, capacity 4718K, committed 4736K, reserved 1048576K
Event: 4.315 GC heap after
Heap after GC invocations=12 (full 2):
 PSYoungGen      total 225792K, used 0K [0x00000000d6200000, 0x00000000e6c00000, 0x0000000100000000)
  eden space 219648K, 0% used [0x00000000d6200000,0x00000000d6200000,0x00000000e3880000)
  from space 6144K, 0% used [0x00000000e6600000,0x00000000e6600000,0x00000000e6c00000)
  to   space 8192K, 0% used [0x00000000e5c00000,0x00000000e5c00000,0x00000000e6400000)
 ParOldGen       total 50688K, used 17746K [0x0000000082600000, 0x0000000085780000, 0x00000000d6200000)
  object space 50688K, 35% used [0x0000000082600000,0x0000000083754a58,0x0000000085780000)
 Metaspace       used 34032K, capacity 35340K, committed 35416K, reserved 1079296K
  class space    used 4454K, capacity 4718K, committed 4736K, reserved 1048576K
}

