# JRE version: Java(TM) SE Runtime Environment (8.0_161-b12) (build 1.8.0_161-b12)
# Java VM: Java HotSpot(TM) 64-Bit Server VM (25.161-b12 mixed mode windows-amd64 compressed oops)
Heap:
 PSYoungGen      total 326656K, used 110406K [0x00000000d6200000, 0x00000000f1c80000, 0x0000000100000000)
  eden space 313856K, 31% used [0x00000000d6200000,0x00000000dc1539e8,0x00000000e9480000)
  from space 12800K, 99% used [0x00000000e9480000,0x00000000ea0fdeb0,0x00000000ea100000)
  to   space 16384K, 0% used [0x00000000f0c80000,0x00000000f0c80000,0x00000000f1c80000)
 ParOldGen       total 79872K, used 23368K [0x0000000082600000, 0x0000000087400000, 0x00000000d6200000)
  object space 79872K, 29% used [0x0000000082600000,0x0000000083cd2310,0x0000000087400000)
 Metaspace       used 50634K, capacity 52100K, committed 52440K, reserved 1095680K
  class space    used 6582K, capacity 6856K, committed 6912K, reserved 1048576K
GC Heap History (10 events):
Event: 2.895 GC heap before
{Heap before GC invocations=9 (full 1):
 PSYoungGen      total 137216K, used 129024K [0x00000000d6200000, 0x00000000e6e00000, 0x0000000100000000)
  eden space 129024K, 100% used [0x00000000d6200000,0x00000000de000000,0x00000000de000000)
  from space 8192K, 0% used [0x00000000de000000,0x00000000de000000,0x00000000de800000)
  to   space 8192K, 0% used [0x00000000e6600000,0x00000000e6600000,0x00000000e6e00000)
 ParOldGen       total 49664K, used 6194K [0x0000000082600000, 0x0000000085680000, 0x00000000d6200000)
  object space 49664K, 12% used [0x0000000082600000,0x0000000082c0c978,0x0000000085680000)
 Metaspace       used 26593K, capacity 27520K, committed 27776K, reserved 1073152K
  class space    used 3460K, capacity 3664K, committed 3712K, reserved 1048576K
Event: 2.899 GC heap after
Heap after GC invocations=9 (full 1):
 PSYoungGen      total 228864K, used 6085K [0x00000000d6200000, 0x00000000e6c00000, 0x0000000100000000)
  eden space 222720K, 0% used [0x00000000d6200000,0x00000000d6200000,0x00000000e3b80000)
  from space 6144K, 99% used [0x00000000e6600000,0x00000000e6bf1588,0x00000000e6c00000)
  to   space 8192K, 0% used [0x00000000e5c00000,0x00000000e5c00000,0x00000000e6400000)
 ParOldGen       total 49664K, used 6266K [0x0000000082600000, 0x0000000085680000, 0x00000000d6200000)
  object space 49664K, 12% used [0x0000000082600000,0x0000000082c1e988,0x0000000085680000)
 Metaspace       used 26593K, capacity 27520K, committed 27776K, reserved 1073152K
  class space    used 3460K, capacity 3664K, committed 3712K, reserved 1048576K
}
Event: 3.698 GC heap before
{Heap before GC invocations=10 (full 1):
 PSYoungGen      total 228864K, used 228805K [0x00000000d6200000, 0x00000000e6c00000, 0x0000000100000000)
  eden space 222720K, 100% used [0x00000000d6200000,0x00000000e3b80000,0x00000000e3b80000)
  from space 6144K, 99% used [0x00000000e6600000,0x00000000e6bf1588,0x00000000e6c00000)
  to   space 8192K, 0% used [0x00000000e5c00000,0x00000000e5c00000,0x00000000e6400000)
 ParOldGen       total 49664K, used 6266K [0x0000000082600000, 0x0000000085680000, 0x00000000d6200000)
  object space 49664K, 12% used [0x0000000082600000,0x0000000082c1e988,0x0000000085680000)
 Metaspace       used 30118K, capacity 31220K, committed 31360K, reserved 1077248K
  class space    used 3908K, capacity 4142K, committed 4224K, reserved 1048576K
Event: 3.707 GC heap after
Heap after GC invocations=10 (full 1):
 PSYoungGen      total 264192K, used 8169K [0x00000000d6200000, 0x00000000eac80000, 0x0000000100000000)
  eden space 256000K, 0% used [0x00000000d6200000,0x00000000d6200000,0x00000000e5c00000)
  from space 8192K, 99% used [0x00000000e5c00000,0x00000000e63fa718,0x00000000e6400000)
  to   space 11776K, 0% used [0x00000000ea100000,0x00000000ea100000,0x00000000eac80000)
 ParOldGen       total 49664K, used 12049K [0x0000000082600000, 0x0000000085680000, 0x00000000d6200000)
  object space 49664K, 24% used [0x0000000082600000,0x00000000831c45a0,0x0000000085680000)
 Metaspace       used 30118K, capacity 31220K, committed 31360K, reserved 1077248K
  class space    used 3908K, capacity 4142K, committed 4224K, reserved 1048576K
}
Event: 4.270 GC heap before
{Heap before GC invocations=11 (full 1):
 PSYoungGen      total 264192K, used 116097K [0x00000000d6200000, 0x00000000eac80000, 0x0000000100000000)
  eden space 256000K, 42% used [0x00000000d6200000,0x00000000dcb65e28,0x00000000e5c00000)
  from space 8192K, 99% used [0x00000000e5c00000,0x00000000e63fa718,0x00000000e6400000)
  to   space 11776K, 0% used [0x00000000ea100000,0x00000000ea100000,0x00000000eac80000)
 ParOldGen       total 49664K, used 12049K [0x0000000082600000, 0x0000000085680000, 0x00000000d6200000)
  object space 49664K, 24% used [0x0000000082600000,0x00000000831c45a0,0x0000000085680000)
 Metaspace       used 34040K, capacity 35352K, committed 35416K, reserved 1079296K
  class space    used 4454K, capacity 4718K, committed 4736K, reserved 1048576K
Event: 4.278 GC heap after
Heap after GC invocations=11 (full 1):
 PSYoungGen      total 325632K, used 10662K [0x00000000d6200000, 0x00000000ed880000, 0x0000000100000000)
  eden space 313856K, 0% used [0x00000000d6200000,0x00000000d6200000,0x00000000e9480000)
  from space 11776K, 90% used [0x00000000ea100000,0x00000000eab69840,0x00000000eac80000)
  to   space 12800K, 0% used [0x00000000e9480000,0x00000000e9480000,0x00000000ea100000)
 ParOldGen       total 49664K, used 14573K [0x0000000082600000, 0x0000000085680000, 0x00000000d6200000)
  object space 49664K, 29% used [0x0000000082600000,0x000000008343b5f0,0x0000000085680000)
 Metaspace       used 34040K, capacity 35352K, committed 35416K, reserved 1079296K
  class space    used 4454K, capacity 4718K, committed 4736K, reserved 1048576K
}
Event: 4.278 GC heap before
{Heap before GC invocations=12 (full 2):
 PSYoungGen      total 325632K, used 10662K [0x00000000d6200000, 0x00000000ed880000, 0x0000000100000000)
  eden space 313856K, 0% used [0x00000000d6200000,0x00000000d6200000,0x00000000e9480000)
  from space 11776K, 90% used [0x00000000ea100000,0x00000000eab69840,0x00000000eac80000)
  to   space 12800K, 0% used [0x00000000e9480000,0x00000000e9480000,0x00000000ea100000)
 ParOldGen       total 49664K, used 14573K [0x0000000082600000, 0x0000000085680000, 0x00000000d6200000)
  object space 49664K, 29% used [0x0000000082600000,0x000000008343b5f0,0x0000000085680000)
 Metaspace       used 34040K, capacity 35352K, committed 35416K, reserved 1079296K
  class space    used 4454K, capacity 4718K, committed 4736K, reserved 1048576K
Event: 4.324 GC heap after
Heap after GC invocations=12 (full 2):
 PSYoungGen      total 325632K, used 0K [0x00000000d6200000, 0x00000000ed880000, 0x0000000100000000)
  eden space 313856K, 0% used [0x00000000d6200000,0x00000000d6200000,0x00000000e9480000)
  from space 11776K, 0% used [0x00000000ea100000,0x00000000ea100000,0x00000000eac80000)
  to   space 12800K, 0% used [0x00000000e9480000,0x00000000e9480000,0x00000000ea100000)
 ParOldGen       total 79872K, used 17834K [0x0000000082600000, 0x0000000087400000, 0x00000000d6200000)
  object space 79872K, 22% used [0x0000000082600000,0x000000008376abe0,0x0000000087400000)
 Metaspace       used 34040K, capacity 35352K, committed 35416K, reserved 1079296K
  class space    used 4454K, capacity 4718K, committed 4736K, reserved 1048576K
}
Event: 6.864 GC heap before
{Heap before GC invocations=13 (full 2):
 PSYoungGen      total 325632K, used 313856K [0x00000000d6200000, 0x00000000ed880000, 0x0000000100000000)
  eden space 313856K, 100% used [0x00000000d6200000,0x00000000e9480000,0x00000000e9480000)
  from space 11776K, 0% used [0x00000000ea100000,0x00000000ea100000,0x00000000eac80000)
  to   space 12800K, 0% used [0x00000000e9480000,0x00000000e9480000,0x00000000ea100000)
 ParOldGen       total 79872K, used 17834K [0x0000000082600000, 0x0000000087400000, 0x00000000d6200000)
  object space 79872K, 22% used [0x0000000082600000,0x000000008376abe0,0x0000000087400000)
 Metaspace       used 48004K, capacity 49522K, committed 49752K, reserved 1093632K
  class space    used 6242K, capacity 6519K, committed 6528K, reserved 1048576K
Event: 6.899 GC heap after
Heap after GC invocations=13 (full 2):
 PSYoungGen      total 326656K, used 12791K [0x00000000d6200000, 0x00000000f1c80000, 0x0000000100000000)
  eden space 313856K, 0% used [0x00000000d6200000,0x00000000d6200000,0x00000000e9480000)
  from space 12800K, 99% used [0x00000000e9480000,0x00000000ea0fdeb0,0x00000000ea100000)
  to   space 16384K, 0% used [0x00000000f0c80000,0x00000000f0c80000,0x00000000f1c80000)
 ParOldGen       total 79872K, used 23368K [0x0000000082600000, 0x0000000087400000, 0x00000000d6200000)
  object space 79872K, 29% used [0x0000000082600000,0x0000000083cd2310,0x0000000087400000)
 Metaspace       used 48004K, capacity 49522K, committed 49752K, reserved 1093632K
  class space    used 6242K, capacity 6519K, committed 6528K, reserved 1048576K
}

